<?xml version="1.0" encoding="UTF-8"?>
<testsuite name="uk.org.brindy.alexa.diceroller.DiceRollerSpeechletTest" tests="4" skipped="0" failures="0" errors="0" timestamp="2017-07-07T09:12:13" hostname="WarBrindyMBP15.local" time="0.118">
  <properties/>
  <testcase name="onIntent_numberUnkonwn_size20" classname="uk.org.brindy.alexa.diceroller.DiceRollerSpeechletTest" time="0.116"/>
  <testcase name="onIntent_noNumber_size6" classname="uk.org.brindy.alexa.diceroller.DiceRollerSpeechletTest" time="0.001"/>
  <testcase name="onIntent_number2_size6" classname="uk.org.brindy.alexa.diceroller.DiceRollerSpeechletTest" time="0.001"/>
  <testcase name="onIntent_number3_size8" classname="uk.org.brindy.alexa.diceroller.DiceRollerSpeechletTest" time="0.0"/>
  <system-out><![CDATA[onIntent requestId: null, sessionId: nullonIntent requestId: null, sessionId: nullonIntent requestId: null, sessionId: nullonIntent requestId: null, sessionId: null]]></system-out>
  <system-err><![CDATA[]]></system-err>
</testsuite>
