<?xml version="1.0" encoding="UTF-8"?>
<testsuite name="uk.org.brindy.alexa.diceroller.DiceRollerTest" tests="3" skipped="0" failures="0" errors="0" timestamp="2017-07-07T09:12:13" hostname="WarBrindyMBP15.local" time="0.001">
  <properties/>
  <testcase name="roll1d6" classname="uk.org.brindy.alexa.diceroller.DiceRollerTest" time="0.001"/>
  <testcase name="roll2d6" classname="uk.org.brindy.alexa.diceroller.DiceRollerTest" time="0.0"/>
  <testcase name="roll3d8" classname="uk.org.brindy.alexa.diceroller.DiceRollerTest" time="0.0"/>
  <system-out><![CDATA[]]></system-out>
  <system-err><![CDATA[]]></system-err>
</testsuite>
